<?xml version="1.0" encoding="UTF-8"?>
<testng-results ignored="0" total="1" passed="1" failed="0" skipped="0">
  <reporter-output>
  </reporter-output>
  <suite started-at="2024-02-02T14:03:44 IST" name="Default suite" finished-at="2024-02-02T14:03:44 IST" duration-ms="55">
    <groups>
    </groups>
    <test started-at="2024-02-02T14:03:44 IST" name="Default test" finished-at="2024-02-02T14:03:44 IST" duration-ms="55">
      <class name="Assignments.StreamAssignment">
        <test-method signature="StreamAssign()[pri:0, instance:Assignments.StreamAssignment@6d3a388c]" started-at="2024-02-02T14:03:44 IST" name="StreamAssign" finished-at="2024-02-02T14:03:44 IST" duration-ms="9" status="PASS">
          <reporter-output>
          </reporter-output>
        </test-method> <!-- StreamAssign -->
      </class> <!-- Assignments.StreamAssignment -->
    </test> <!-- Default test -->
  </suite> <!-- Default suite -->
</testng-results>
